<?xml version="1.0" encoding="UTF-8"?>
<!-- Generated by org.testng.reporters.JUnitReportReporter -->
<testsuite hostname="DESKTOP-L5DOLBO" failures="0" tests="1" name="Testng.ramkumar.webdriver" time="7.360" errors="0" timestamp="2023-05-12T07:56:10 IST" skipped="0">
  <testcase classname="Testng.ramkumar.webdriver" name="web" time="7.360"/>
  <system-out/>
</testsuite> <!-- Testng.ramkumar.webdriver -->
