<?xml version="1.0" encoding="UTF-8"?>
<!-- Generated by org.testng.reporters.JUnitReportReporter -->
<testsuite hostname="DESKTOP-L5DOLBO" failures="0" tests="3" name="Testng.ramkumar.Bank" time="0.032" errors="0" timestamp="2023-05-12T07:37:24 IST" skipped="0">
  <testcase classname="Testng.ramkumar.Bank" name="withdraw" time="0.011"/>
  <system-out/>
  <testcase classname="Testng.ramkumar.Bank" name="balance" time="0.012"/>
  <system-out/>
  <testcase classname="Testng.ramkumar.Bank" name="deposit" time="0.009"/>
  <system-out/>
</testsuite> <!-- Testng.ramkumar.Bank -->
